<?xml version="1.0" encoding="UTF-8"?>
<!-- Generated by org.testng.reporters.JUnitReportReporter -->
<testsuite hostname="DESKTOP-79FQPHF" failures="0" tests="1" name="runner.Printmsg_console_log4j" time="0.115" errors="0" timestamp="2023-06-27T21:24:08 IST" skipped="0">
  <testcase classname="runner.Printmsg_console_log4j" name="te2" time="0.115"/>
</testsuite> <!-- runner.Printmsg_console_log4j -->
