<?xml version="1.0" encoding="UTF-8"?>
<!-- Generated by org.testng.reporters.JUnitReportReporter -->
<testsuite hostname="DESKTOP-79FQPHF" failures="0" tests="3" name="runner.Groups1" time="0.017" errors="0" timestamp="2023-06-23T22:41:29 IST" skipped="0">
  <testcase classname="runner.Groups1" name="test3" time="0.002"/>
  <testcase classname="runner.Groups1" name="test1" time="0.013"/>
  <testcase classname="runner.Groups1" name="test2" time="0.002"/>
</testsuite> <!-- runner.Groups1 -->
