<?xml version="1.0" encoding="UTF-8"?>
<!-- Generated by org.testng.reporters.JUnitReportReporter -->
<testsuite hostname="DESKTOP-79FQPHF" failures="0" tests="1" name="runner.Properties1" time="0.025" errors="0" timestamp="2023-06-23T17:53:19 IST" skipped="0">
  <testcase classname="runner.Properties1" name="test1" time="0.025"/>
</testsuite> <!-- runner.Properties1 -->
