<?xml version="1.0" encoding="UTF-8"?>
<!-- Generated by org.testng.reporters.JUnitReportReporter -->
<testsuite hostname="DESKTOP-79FQPHF" failures="0" tests="2" name="listener1.DataProv" time="10.919" errors="0" timestamp="2023-07-04T07:55:22 IST" skipped="0">
  <testcase classname="listener1.DataProv" name="test" time="4.963"/>
  <testcase classname="listener1.DataProv" name="test" time="5.956"/>
</testsuite> <!-- listener1.DataProv -->
