<?xml version="1.0" encoding="UTF-8"?>
<!-- Generated by org.testng.reporters.JUnitReportReporter -->
<testsuite hostname="DESKTOP-79FQPHF" failures="0" tests="1" name="runner.Ext_Rep" time="1.564" errors="0" timestamp="2023-06-27T20:59:53 IST" skipped="0">
  <testcase classname="runner.Ext_Rep" name="te1" time="1.564"/>
</testsuite> <!-- runner.Ext_Rep -->
