<?xml version="1.0" encoding="UTF-8"?>
<!-- Generated by org.testng.reporters.JUnitReportReporter -->
<testsuite hostname="DESKTOP-79FQPHF" failures="0" tests="1" name="runner.run_only_demo" time="9.078" errors="0" timestamp="2023-06-28T09:48:59 IST" skipped="0">
  <testcase classname="runner.run_only_demo" name="test1" time="9.078"/>
</testsuite> <!-- runner.run_only_demo -->
