<?xml version="1.0" encoding="UTF-8"?>
<!-- Generated by org.testng.reporters.JUnitReportReporter -->
<testsuite hostname="DESKTOP-79FQPHF" failures="0" tests="1" name="assignment1.Runneru" time="10.301" errors="0" timestamp="2023-07-01T21:14:57 IST" skipped="0">
  <testcase classname="assignment1.Runneru" name="te1" time="10.301"/>
</testsuite> <!-- assignment1.Runneru -->
