<?xml version="1.0" encoding="UTF-8"?>
<!-- Generated by org.testng.reporters.JUnitReportReporter -->
<testsuite hostname="DESKTOP-79FQPHF" failures="0" tests="1" name="runner.Log_1" time="0.091" errors="0" timestamp="2023-06-28T08:48:04 IST" skipped="0">
  <testcase classname="runner.Log_1" name="te2" time="0.091"/>
</testsuite> <!-- runner.Log_1 -->
